0 info it worked if it ends with ok
1 verbose cli [ '/Users/AlexHome/.nvm/versions/node/v5.10.1/bin/node',
1 verbose cli   '/Users/AlexHome/.nvm/versions/node/v5.10.1/bin/npm',
1 verbose cli   'test' ]
2 info using npm@3.8.3
3 info using node@v5.10.1
4 verbose stack Error: Failed to parse json
4 verbose stack No data, empty input at 1:1
4 verbose stack
4 verbose stack ^
4 verbose stack     at parseError (/Users/AlexHome/.nvm/versions/node/v5.10.1/lib/node_modules/npm/node_modules/read-package-json/read-json.js:379:11)
4 verbose stack     at parseJson (/Users/AlexHome/.nvm/versions/node/v5.10.1/lib/node_modules/npm/node_modules/read-package-json/read-json.js:68:23)
4 verbose stack     at /Users/AlexHome/.nvm/versions/node/v5.10.1/lib/node_modules/npm/node_modules/read-package-json/read-json.js:48:5
4 verbose stack     at /Users/AlexHome/.nvm/versions/node/v5.10.1/lib/node_modules/npm/node_modules/graceful-fs/graceful-fs.js:78:16
4 verbose stack     at tryToString (fs.js:414:3)
4 verbose stack     at FSReqWrap.readFileAfterClose [as oncomplete] (fs.js:401:12)
5 verbose cwd /Users/AlexHome/alexJS/async-await-mongoClient-es6-promisify
6 error Darwin 15.4.0
7 error argv "/Users/AlexHome/.nvm/versions/node/v5.10.1/bin/node" "/Users/AlexHome/.nvm/versions/node/v5.10.1/bin/npm" "test"
8 error node v5.10.1
9 error npm  v3.8.3
10 error file /Users/AlexHome/alexJS/async-await-mongoClient-es6-promisify/package.json
11 error code EJSONPARSE
12 error Failed to parse json
12 error No data, empty input at 1:1
12 error
12 error ^
13 error File: /Users/AlexHome/alexJS/async-await-mongoClient-es6-promisify/package.json
14 error Failed to parse package.json data.
14 error package.json must be actual JSON, not just JavaScript.
14 error
14 error This is not a bug in npm.
14 error Tell the package author to fix their package.json file. JSON.parse
15 verbose exit [ 1, true ]
